<?xml version="1.0" encoding="UTF-8"?>
<testsuite xmlns:xsi="http://www.w3.org/2001/XMLSchema-instance" xsi:noNamespaceSchemaLocation="https://maven.apache.org/surefire/maven-surefire-plugin/xsd/surefire-test-report-3.0.xsd" version="3.0" name="org.acme.GreetingResourceTest" time="16.873" tests="1" errors="0" skipped="0" failures="0">
  <properties>
    <property name="gopherProxySet" value="false"/>
    <property name="awt.toolkit" value="sun.lwawt.macosx.LWCToolkit"/>
    <property name="java.specification.version" value="11"/>
    <property name="vertx.cacheDirBase" value="/tmp/quarkus"/>
    <property name="sun.cpu.isalist" value=""/>
    <property name="sun.jnu.encoding" value="UTF-8"/>
    <property name="test.url" value="http://localhost:8081"/>
    <property name="java.class.path" value="/Users/danieloh/Downloads/quarkus-piggybank/target/test-classes:/Users/danieloh/Downloads/quarkus-piggybank/target/classes:/Users/danieloh/.m2/repository/io/quarkus/quarkus-arc/2.15.3.Final/quarkus-arc-2.15.3.Final.jar:/Users/danieloh/.m2/repository/io/quarkus/arc/arc/2.15.3.Final/arc-2.15.3.Final.jar:/Users/danieloh/.m2/repository/jakarta/enterprise/jakarta.enterprise.cdi-api/2.0.2/jakarta.enterprise.cdi-api-2.0.2.jar:/Users/danieloh/.m2/repository/jakarta/el/jakarta.el-api/3.0.3/jakarta.el-api-3.0.3.jar:/Users/danieloh/.m2/repository/jakarta/annotation/jakarta.annotation-api/1.3.5/jakarta.annotation-api-1.3.5.jar:/Users/danieloh/.m2/repository/jakarta/transaction/jakarta.transaction-api/1.3.3/jakarta.transaction-api-1.3.3.jar:/Users/danieloh/.m2/repository/io/smallrye/reactive/mutiny/1.8.0/mutiny-1.8.0.jar:/Users/danieloh/.m2/repository/io/smallrye/common/smallrye-common-annotation/1.13.2/smallrye-common-annotation-1.13.2.jar:/Users/danieloh/.m2/repository/org/jboss/logging/jboss-logging/3.5.0.Final/jboss-logging-3.5.0.Final.jar:/Users/danieloh/.m2/repository/io/quarkus/quarkus-core/2.15.3.Final/quarkus-core-2.15.3.Final.jar:/Users/danieloh/.m2/repository/jakarta/inject/jakarta.inject-api/1.0/jakarta.inject-api-1.0.jar:/Users/danieloh/.m2/repository/io/quarkus/quarkus-ide-launcher/2.15.3.Final/quarkus-ide-launcher-2.15.3.Final.jar:/Users/danieloh/.m2/repository/io/quarkus/quarkus-development-mode-spi/2.15.3.Final/quarkus-development-mode-spi-2.15.3.Final.jar:/Users/danieloh/.m2/repository/io/smallrye/config/smallrye-config/2.13.1/smallrye-config-2.13.1.jar:/Users/danieloh/.m2/repository/io/smallrye/config/smallrye-config-core/2.13.1/smallrye-config-core-2.13.1.jar:/Users/danieloh/.m2/repository/org/eclipse/microprofile/config/microprofile-config-api/2.0.1/microprofile-config-api-2.0.1.jar:/Users/danieloh/.m2/repository/io/smallrye/common/smallrye-common-expression/1.13.2/smallrye-common-expression-1.13.2.jar:/Users/danieloh/.m2/repository/io/smallrye/common/smallrye-common-function/1.13.2/smallrye-common-function-1.13.2.jar:/Users/danieloh/.m2/repository/io/smallrye/common/smallrye-common-classloader/1.13.2/smallrye-common-classloader-1.13.2.jar:/Users/danieloh/.m2/repository/io/smallrye/config/smallrye-config-common/2.13.1/smallrye-config-common-2.13.1.jar:/Users/danieloh/.m2/repository/org/jboss/logmanager/jboss-logmanager-embedded/1.0.11/jboss-logmanager-embedded-1.0.11.jar:/Users/danieloh/.m2/repository/org/jboss/logging/jboss-logging-annotations/2.2.1.Final/jboss-logging-annotations-2.2.1.Final.jar:/Users/danieloh/.m2/repository/org/jboss/threads/jboss-threads/3.4.3.Final/jboss-threads-3.4.3.Final.jar:/Users/danieloh/.m2/repository/org/slf4j/slf4j-api/1.7.36/slf4j-api-1.7.36.jar:/Users/danieloh/.m2/repository/org/jboss/slf4j/slf4j-jboss-logmanager/1.2.0.Final/slf4j-jboss-logmanager-1.2.0.Final.jar:/Users/danieloh/.m2/repository/org/graalvm/sdk/graal-sdk/22.3.0/graal-sdk-22.3.0.jar:/Users/danieloh/.m2/repository/org/wildfly/common/wildfly-common/1.5.4.Final-format-001/wildfly-common-1.5.4.Final-format-001.jar:/Users/danieloh/.m2/repository/io/quarkus/quarkus-bootstrap-runner/2.15.3.Final/quarkus-bootstrap-runner-2.15.3.Final.jar:/Users/danieloh/.m2/repository/io/quarkus/quarkus-fs-util/0.0.9/quarkus-fs-util-0.0.9.jar:/Users/danieloh/.m2/repository/org/eclipse/microprofile/context-propagation/microprofile-context-propagation-api/1.2/microprofile-context-propagation-api-1.2.jar:/Users/danieloh/.m2/repository/io/quarkus/quarkus-resteasy-reactive/2.15.3.Final/quarkus-resteasy-reactive-2.15.3.Final.jar:/Users/danieloh/.m2/repository/io/quarkus/quarkus-resteasy-reactive-common/2.15.3.Final/quarkus-resteasy-reactive-common-2.15.3.Final.jar:/Users/danieloh/.m2/repository/io/quarkus/resteasy/reactive/resteasy-reactive-common/2.15.3.Final/resteasy-reactive-common-2.15.3.Final.jar:/Users/danieloh/.m2/repository/io/quarkus/resteasy/reactive/resteasy-reactive-common-types/2.15.3.Final/resteasy-reactive-common-types-2.15.3.Final.jar:/Users/danieloh/.m2/repository/io/quarkus/quarkus-mutiny/2.15.3.Final/quarkus-mutiny-2.15.3.Final.jar:/Users/danieloh/.m2/repository/io/quarkus/quarkus-smallrye-context-propagation/2.15.3.Final/quarkus-smallrye-context-propagation-2.15.3.Final.jar:/Users/danieloh/.m2/repository/io/smallrye/smallrye-context-propagation/1.2.2/smallrye-context-propagation-1.2.2.jar:/Users/danieloh/.m2/repository/io/smallrye/smallrye-context-propagation-api/1.2.2/smallrye-context-propagation-api-1.2.2.jar:/Users/danieloh/.m2/repository/io/smallrye/smallrye-context-propagation-storage/1.2.2/smallrye-context-propagation-storage-1.2.2.jar:/Users/danieloh/.m2/repository/io/smallrye/reactive/mutiny-smallrye-context-propagation/1.8.0/mutiny-smallrye-context-propagation-1.8.0.jar:/Users/danieloh/.m2/repository/io/quarkus/quarkus-vertx/2.15.3.Final/quarkus-vertx-2.15.3.Final.jar:/Users/danieloh/.m2/repository/io/netty/netty-codec-haproxy/4.1.86.Final/netty-codec-haproxy-4.1.86.Final.jar:/Users/danieloh/.m2/repository/io/quarkus/quarkus-vertx-latebound-mdc-provider/2.15.3.Final/quarkus-vertx-latebound-mdc-provider-2.15.3.Final.jar:/Users/danieloh/.m2/repository/io/smallrye/smallrye-fault-tolerance-vertx/5.6.0/smallrye-fault-tolerance-vertx-5.6.0.jar:/Users/danieloh/.m2/repository/io/quarkus/resteasy/reactive/resteasy-reactive-vertx/2.15.3.Final/resteasy-reactive-vertx-2.15.3.Final.jar:/Users/danieloh/.m2/repository/io/vertx/vertx-web/4.3.6/vertx-web-4.3.6.jar:/Users/danieloh/.m2/repository/io/vertx/vertx-web-common/4.3.6/vertx-web-common-4.3.6.jar:/Users/danieloh/.m2/repository/io/vertx/vertx-auth-common/4.3.6/vertx-auth-common-4.3.6.jar:/Users/danieloh/.m2/repository/io/vertx/vertx-bridge-common/4.3.6/vertx-bridge-common-4.3.6.jar:/Users/danieloh/.m2/repository/io/vertx/vertx-core/4.3.6/vertx-core-4.3.6.jar:/Users/danieloh/.m2/repository/io/netty/netty-handler-proxy/4.1.86.Final/netty-handler-proxy-4.1.86.Final.jar:/Users/danieloh/.m2/repository/io/netty/netty-codec-socks/4.1.86.Final/netty-codec-socks-4.1.86.Final.jar:/Users/danieloh/.m2/repository/io/netty/netty-resolver-dns/4.1.86.Final/netty-resolver-dns-4.1.86.Final.jar:/Users/danieloh/.m2/repository/io/netty/netty-codec-dns/4.1.86.Final/netty-codec-dns-4.1.86.Final.jar:/Users/danieloh/.m2/repository/com/fasterxml/jackson/core/jackson-core/2.14.1/jackson-core-2.14.1.jar:/Users/danieloh/.m2/repository/io/smallrye/reactive/smallrye-mutiny-vertx-core/2.29.0/smallrye-mutiny-vertx-core-2.29.0.jar:/Users/danieloh/.m2/repository/io/smallrye/reactive/smallrye-mutiny-vertx-runtime/2.29.0/smallrye-mutiny-vertx-runtime-2.29.0.jar:/Users/danieloh/.m2/repository/io/smallrye/reactive/vertx-mutiny-generator/2.29.0/vertx-mutiny-generator-2.29.0.jar:/Users/danieloh/.m2/repository/io/vertx/vertx-codegen/4.3.6/vertx-codegen-4.3.6.jar:/Users/danieloh/.m2/repository/io/quarkus/resteasy/reactive/resteasy-reactive/2.15.3.Final/resteasy-reactive-2.15.3.Final.jar:/Users/danieloh/.m2/repository/org/jboss/spec/javax/ws/rs/jboss-jaxrs-api_2.1_spec/2.0.1.Final/jboss-jaxrs-api_2.1_spec-2.0.1.Final.jar:/Users/danieloh/.m2/repository/org/jboss/spec/javax/xml/bind/jboss-jaxb-api_2.3_spec/2.0.0.Final/jboss-jaxb-api_2.3_spec-2.0.0.Final.jar:/Users/danieloh/.m2/repository/io/quarkus/quarkus-vertx-http/2.15.3.Final/quarkus-vertx-http-2.15.3.Final.jar:/Users/danieloh/.m2/repository/io/quarkus/quarkus-security-runtime-spi/2.15.3.Final/quarkus-security-runtime-spi-2.15.3.Final.jar:/Users/danieloh/.m2/repository/io/quarkus/quarkus-credentials/2.15.3.Final/quarkus-credentials-2.15.3.Final.jar:/Users/danieloh/.m2/repository/io/smallrye/common/smallrye-common-vertx-context/1.13.2/smallrye-common-vertx-context-1.13.2.jar:/Users/danieloh/.m2/repository/io/smallrye/common/smallrye-common-constraint/1.13.2/smallrye-common-constraint-1.13.2.jar:/Users/danieloh/.m2/repository/io/quarkus/quarkus-vertx-http-dev-console-runtime-spi/2.15.3.Final/quarkus-vertx-http-dev-console-runtime-spi-2.15.3.Final.jar:/Users/danieloh/.m2/repository/io/quarkus/security/quarkus-security/1.1.4.Final/quarkus-security-1.1.4.Final.jar:/Users/danieloh/.m2/repository/io/smallrye/reactive/smallrye-mutiny-vertx-web/2.29.0/smallrye-mutiny-vertx-web-2.29.0.jar:/Users/danieloh/.m2/repository/io/smallrye/reactive/smallrye-mutiny-vertx-web-common/2.29.0/smallrye-mutiny-vertx-web-common-2.29.0.jar:/Users/danieloh/.m2/repository/io/smallrye/reactive/smallrye-mutiny-vertx-auth-common/2.29.0/smallrye-mutiny-vertx-auth-common-2.29.0.jar:/Users/danieloh/.m2/repository/io/smallrye/reactive/smallrye-mutiny-vertx-bridge-common/2.29.0/smallrye-mutiny-vertx-bridge-common-2.29.0.jar:/Users/danieloh/.m2/repository/io/smallrye/reactive/smallrye-mutiny-vertx-uri-template/2.29.0/smallrye-mutiny-vertx-uri-template-2.29.0.jar:/Users/danieloh/.m2/repository/io/vertx/vertx-uri-template/4.3.6/vertx-uri-template-4.3.6.jar:/Users/danieloh/.m2/repository/io/github/crac/org-crac/0.1.3/org-crac-0.1.3.jar:/Users/danieloh/.m2/repository/io/quarkus/quarkus-jsonp/2.15.3.Final/quarkus-jsonp-2.15.3.Final.jar:/Users/danieloh/.m2/repository/org/glassfish/jakarta.json/1.1.6/jakarta.json-1.1.6.jar:/Users/danieloh/.m2/repository/io/quarkiverse/amazonservices/quarkus-amazon-dynamodb/1.4.0/quarkus-amazon-dynamodb-1.4.0.jar:/Users/danieloh/.m2/repository/io/quarkus/quarkus-netty/2.15.3.Final/quarkus-netty-2.15.3.Final.jar:/Users/danieloh/.m2/repository/io/netty/netty-codec/4.1.86.Final/netty-codec-4.1.86.Final.jar:/Users/danieloh/.m2/repository/io/netty/netty-common/4.1.86.Final/netty-common-4.1.86.Final.jar:/Users/danieloh/.m2/repository/io/netty/netty-buffer/4.1.86.Final/netty-buffer-4.1.86.Final.jar:/Users/danieloh/.m2/repository/io/netty/netty-transport/4.1.86.Final/netty-transport-4.1.86.Final.jar:/Users/danieloh/.m2/repository/io/netty/netty-codec-http/4.1.86.Final/netty-codec-http-4.1.86.Final.jar:/Users/danieloh/.m2/repository/io/netty/netty-codec-http2/4.1.86.Final/netty-codec-http2-4.1.86.Final.jar:/Users/danieloh/.m2/repository/io/netty/netty-handler/4.1.86.Final/netty-handler-4.1.86.Final.jar:/Users/danieloh/.m2/repository/io/netty/netty-resolver/4.1.86.Final/netty-resolver-4.1.86.Final.jar:/Users/danieloh/.m2/repository/io/netty/netty-transport-native-unix-common/4.1.86.Final/netty-transport-native-unix-common-4.1.86.Final.jar:/Users/danieloh/.m2/repository/com/aayushatharva/brotli4j/brotli4j/1.8.0/brotli4j-1.8.0.jar:/Users/danieloh/.m2/repository/com/aayushatharva/brotli4j/native-osx-aarch64/1.8.0/native-osx-aarch64-1.8.0.jar:/Users/danieloh/.m2/repository/io/quarkiverse/amazonservices/quarkus-amazon-common/1.4.0/quarkus-amazon-common-1.4.0.jar:/Users/danieloh/.m2/repository/software/amazon/awssdk/sdk-core/2.18.41/sdk-core-2.18.41.jar:/Users/danieloh/.m2/repository/software/amazon/awssdk/aws-core/2.18.41/aws-core-2.18.41.jar:/Users/danieloh/.m2/repository/software/amazon/eventstream/eventstream/1.0.1/eventstream-1.0.1.jar:/Users/danieloh/.m2/repository/software/amazon/awssdk/regions/2.18.41/regions-2.18.41.jar:/Users/danieloh/.m2/repository/software/amazon/awssdk/auth/2.18.41/auth-2.18.41.jar:/Users/danieloh/.m2/repository/software/amazon/awssdk/dynamodb/2.18.41/dynamodb-2.18.41.jar:/Users/danieloh/.m2/repository/software/amazon/awssdk/aws-json-protocol/2.18.41/aws-json-protocol-2.18.41.jar:/Users/danieloh/.m2/repository/software/amazon/awssdk/third-party-jackson-core/2.18.41/third-party-jackson-core-2.18.41.jar:/Users/danieloh/.m2/repository/software/amazon/awssdk/protocol-core/2.18.41/protocol-core-2.18.41.jar:/Users/danieloh/.m2/repository/software/amazon/awssdk/profiles/2.18.41/profiles-2.18.41.jar:/Users/danieloh/.m2/repository/software/amazon/awssdk/metrics-spi/2.18.41/metrics-spi-2.18.41.jar:/Users/danieloh/.m2/repository/software/amazon/awssdk/json-utils/2.18.41/json-utils-2.18.41.jar:/Users/danieloh/.m2/repository/software/amazon/awssdk/endpoints-spi/2.18.41/endpoints-spi-2.18.41.jar:/Users/danieloh/.m2/repository/org/jboss/logging/commons-logging-jboss-logging/1.0.0.Final/commons-logging-jboss-logging-1.0.0.Final.jar:/Users/danieloh/.m2/repository/software/amazon/awssdk/url-connection-client/2.18.41/url-connection-client-2.18.41.jar:/Users/danieloh/.m2/repository/software/amazon/awssdk/utils/2.18.41/utils-2.18.41.jar:/Users/danieloh/.m2/repository/org/reactivestreams/reactive-streams/1.0.3/reactive-streams-1.0.3.jar:/Users/danieloh/.m2/repository/software/amazon/awssdk/annotations/2.18.41/annotations-2.18.41.jar:/Users/danieloh/.m2/repository/software/amazon/awssdk/http-client-spi/2.18.41/http-client-spi-2.18.41.jar:/Users/danieloh/.m2/repository/io/quarkus/quarkus-resteasy-reactive-jackson/2.15.3.Final/quarkus-resteasy-reactive-jackson-2.15.3.Final.jar:/Users/danieloh/.m2/repository/io/quarkus/quarkus-resteasy-reactive-jackson-common/2.15.3.Final/quarkus-resteasy-reactive-jackson-common-2.15.3.Final.jar:/Users/danieloh/.m2/repository/io/quarkus/resteasy/reactive/resteasy-reactive-jackson/2.15.3.Final/resteasy-reactive-jackson-2.15.3.Final.jar:/Users/danieloh/.m2/repository/com/fasterxml/jackson/core/jackson-databind/2.14.1/jackson-databind-2.14.1.jar:/Users/danieloh/.m2/repository/com/fasterxml/jackson/core/jackson-annotations/2.14.1/jackson-annotations-2.14.1.jar:/Users/danieloh/.m2/repository/io/quarkus/quarkus-jackson/2.15.3.Final/quarkus-jackson-2.15.3.Final.jar:/Users/danieloh/.m2/repository/com/fasterxml/jackson/datatype/jackson-datatype-jsr310/2.14.1/jackson-datatype-jsr310-2.14.1.jar:/Users/danieloh/.m2/repository/com/fasterxml/jackson/datatype/jackson-datatype-jdk8/2.14.1/jackson-datatype-jdk8-2.14.1.jar:/Users/danieloh/.m2/repository/com/fasterxml/jackson/module/jackson-module-parameter-names/2.14.1/jackson-module-parameter-names-2.14.1.jar:/Users/danieloh/.m2/repository/io/quarkus/quarkus-amazon-lambda-http/2.15.3.Final/quarkus-amazon-lambda-http-2.15.3.Final.jar:/Users/danieloh/.m2/repository/io/quarkus/quarkus-security/2.15.3.Final/quarkus-security-2.15.3.Final.jar:/Users/danieloh/.m2/repository/jakarta/interceptor/jakarta.interceptor-api/1.2.5/jakarta.interceptor-api-1.2.5.jar:/Users/danieloh/.m2/repository/io/quarkus/quarkus-amazon-lambda/2.15.3.Final/quarkus-amazon-lambda-2.15.3.Final.jar:/Users/danieloh/.m2/repository/io/quarkus/quarkus-amazon-lambda-common/2.15.3.Final/quarkus-amazon-lambda-common-2.15.3.Final.jar:/Users/danieloh/.m2/repository/com/amazonaws/aws-lambda-java-events/3.11.0/aws-lambda-java-events-3.11.0.jar:/Users/danieloh/.m2/repository/com/fasterxml/jackson/datatype/jackson-datatype-joda/2.14.1/jackson-datatype-joda-2.14.1.jar:/Users/danieloh/.m2/repository/joda-time/joda-time/2.10.8/joda-time-2.10.8.jar:/Users/danieloh/.m2/repository/com/amazonaws/aws-lambda-java-core/1.2.2/aws-lambda-java-core-1.2.2.jar:/Users/danieloh/.m2/repository/org/eclipse/microprofile/jwt/microprofile-jwt-auth-api/1.2/microprofile-jwt-auth-api-1.2.jar:/Users/danieloh/.m2/repository/io/quarkus/quarkus-junit5/2.15.3.Final/quarkus-junit5-2.15.3.Final.jar:/Users/danieloh/.m2/repository/io/quarkus/quarkus-bootstrap-core/2.15.3.Final/quarkus-bootstrap-core-2.15.3.Final.jar:/Users/danieloh/.m2/repository/io/quarkus/quarkus-bootstrap-app-model/2.15.3.Final/quarkus-bootstrap-app-model-2.15.3.Final.jar:/Users/danieloh/.m2/repository/io/smallrye/common/smallrye-common-io/1.13.2/smallrye-common-io-1.13.2.jar:/Users/danieloh/.m2/repository/org/eclipse/sisu/org.eclipse.sisu.inject/0.3.5/org.eclipse.sisu.inject-0.3.5.jar:/Users/danieloh/.m2/repository/io/quarkus/quarkus-test-common/2.15.3.Final/quarkus-test-common-2.15.3.Final.jar:/Users/danieloh/.m2/repository/io/quarkus/quarkus-core-deployment/2.15.3.Final/quarkus-core-deployment-2.15.3.Final.jar:/Users/danieloh/.m2/repository/org/aesh/readline/2.2/readline-2.2.jar:/Users/danieloh/.m2/repository/org/fusesource/jansi/jansi/1.18/jansi-1.18.jar:/Users/danieloh/.m2/repository/org/aesh/aesh/2.6/aesh-2.6.jar:/Users/danieloh/.m2/repository/io/quarkus/gizmo/gizmo/1.4.0.Final/gizmo-1.4.0.Final.jar:/Users/danieloh/.m2/repository/org/ow2/asm/asm-util/9.4/asm-util-9.4.jar:/Users/danieloh/.m2/repository/org/ow2/asm/asm-analysis/9.4/asm-analysis-9.4.jar:/Users/danieloh/.m2/repository/org/ow2/asm/asm/9.4/asm-9.4.jar:/Users/danieloh/.m2/repository/org/ow2/asm/asm-commons/9.4/asm-commons-9.4.jar:/Users/danieloh/.m2/repository/org/ow2/asm/asm-tree/9.4/asm-tree-9.4.jar:/Users/danieloh/.m2/repository/io/quarkus/quarkus-class-change-agent/2.15.3.Final/quarkus-class-change-agent-2.15.3.Final.jar:/Users/danieloh/.m2/repository/io/quarkus/quarkus-devtools-utilities/2.15.3.Final/quarkus-devtools-utilities-2.15.3.Final.jar:/Users/danieloh/.m2/repository/io/quarkus/quarkus-builder/2.15.3.Final/quarkus-builder-2.15.3.Final.jar:/Users/danieloh/.m2/repository/org/junit/platform/junit-platform-launcher/1.9.1/junit-platform-launcher-1.9.1.jar:/Users/danieloh/.m2/repository/io/quarkus/quarkus-bootstrap-maven-resolver/2.15.3.Final/quarkus-bootstrap-maven-resolver-2.15.3.Final.jar:/Users/danieloh/.m2/repository/org/apache/maven/maven-embedder/3.8.6/maven-embedder-3.8.6.jar:/Users/danieloh/.m2/repository/org/apache/maven/maven-settings/3.8.6/maven-settings-3.8.6.jar:/Users/danieloh/.m2/repository/org/apache/maven/maven-core/3.8.6/maven-core-3.8.6.jar:/Users/danieloh/.m2/repository/org/apache/maven/maven-artifact/3.8.6/maven-artifact-3.8.6.jar:/Users/danieloh/.m2/repository/org/codehaus/plexus/plexus-component-annotations/2.1.0/plexus-component-annotations-2.1.0.jar:/Users/danieloh/.m2/repository/org/apache/maven/maven-plugin-api/3.8.6/maven-plugin-api-3.8.6.jar:/Users/danieloh/.m2/repository/org/apache/maven/maven-model/3.8.6/maven-model-3.8.6.jar:/Users/danieloh/.m2/repository/org/apache/maven/maven-model-builder/3.8.6/maven-model-builder-3.8.6.jar:/Users/danieloh/.m2/repository/org/apache/maven/maven-builder-support/3.8.6/maven-builder-support-3.8.6.jar:/Users/danieloh/.m2/repository/org/apache/maven/resolver/maven-resolver-api/1.6.3/maven-resolver-api-1.6.3.jar:/Users/danieloh/.m2/repository/org/apache/maven/resolver/maven-resolver-util/1.6.3/maven-resolver-util-1.6.3.jar:/Users/danieloh/.m2/repository/org/apache/maven/shared/maven-shared-utils/3.3.4/maven-shared-utils-3.3.4.jar:/Users/danieloh/.m2/repository/commons-io/commons-io/2.11.0/commons-io-2.11.0.jar:/Users/danieloh/.m2/repository/com/google/inject/guice/4.2.2/guice-4.2.2-no_aop.jar:/Users/danieloh/.m2/repository/com/google/guava/guava/31.1-jre/guava-31.1-jre.jar:/Users/danieloh/.m2/repository/com/google/guava/failureaccess/1.0.1/failureaccess-1.0.1.jar:/Users/danieloh/.m2/repository/org/codehaus/plexus/plexus-classworlds/2.6.0/plexus-classworlds-2.6.0.jar:/Users/danieloh/.m2/repository/org/codehaus/plexus/plexus-sec-dispatcher/2.0/plexus-sec-dispatcher-2.0.jar:/Users/danieloh/.m2/repository/org/codehaus/plexus/plexus-cipher/2.0/plexus-cipher-2.0.jar:/Users/danieloh/.m2/repository/commons-cli/commons-cli/1.4/commons-cli-1.4.jar:/Users/danieloh/.m2/repository/org/eclipse/sisu/org.eclipse.sisu.plexus/0.3.5/org.eclipse.sisu.plexus-0.3.5.jar:/Users/danieloh/.m2/repository/org/apache/maven/maven-settings-builder/3.8.6/maven-settings-builder-3.8.6.jar:/Users/danieloh/.m2/repository/org/codehaus/plexus/plexus-interpolation/1.26/plexus-interpolation-1.26.jar:/Users/danieloh/.m2/repository/org/apache/maven/maven-resolver-provider/3.8.6/maven-resolver-provider-3.8.6.jar:/Users/danieloh/.m2/repository/org/apache/maven/maven-repository-metadata/3.8.6/maven-repository-metadata-3.8.6.jar:/Users/danieloh/.m2/repository/org/apache/maven/resolver/maven-resolver-spi/1.6.3/maven-resolver-spi-1.6.3.jar:/Users/danieloh/.m2/repository/org/apache/maven/resolver/maven-resolver-impl/1.6.3/maven-resolver-impl-1.6.3.jar:/Users/danieloh/.m2/repository/org/codehaus/plexus/plexus-utils/3.3.0/plexus-utils-3.3.0.jar:/Users/danieloh/.m2/repository/org/apache/maven/resolver/maven-resolver-connector-basic/1.6.3/maven-resolver-connector-basic-1.6.3.jar:/Users/danieloh/.m2/repository/org/apache/maven/resolver/maven-resolver-transport-wagon/1.6.3/maven-resolver-transport-wagon-1.6.3.jar:/Users/danieloh/.m2/repository/org/apache/maven/wagon/wagon-http/3.5.1/wagon-http-3.5.1.jar:/Users/danieloh/.m2/repository/org/apache/maven/wagon/wagon-http-shared/3.5.1/wagon-http-shared-3.5.1.jar:/Users/danieloh/.m2/repository/org/apache/maven/wagon/wagon-provider-api/3.5.1/wagon-provider-api-3.5.1.jar:/Users/danieloh/.m2/repository/org/apache/maven/wagon/wagon-file/3.5.1/wagon-file-3.5.1.jar:/Users/danieloh/.m2/repository/io/quarkus/quarkus-bootstrap-gradle-resolver/2.15.3.Final/quarkus-bootstrap-gradle-resolver-2.15.3.Final.jar:/Users/danieloh/.m2/repository/io/smallrye/jandex/3.0.5/jandex-3.0.5.jar:/Users/danieloh/.m2/repository/io/quarkus/quarkus-junit5-properties/2.15.3.Final/quarkus-junit5-properties-2.15.3.Final.jar:/Users/danieloh/.m2/repository/org/junit/jupiter/junit-jupiter/5.9.1/junit-jupiter-5.9.1.jar:/Users/danieloh/.m2/repository/org/junit/jupiter/junit-jupiter-api/5.9.1/junit-jupiter-api-5.9.1.jar:/Users/danieloh/.m2/repository/org/opentest4j/opentest4j/1.2.0/opentest4j-1.2.0.jar:/Users/danieloh/.m2/repository/org/junit/platform/junit-platform-commons/1.9.1/junit-platform-commons-1.9.1.jar:/Users/danieloh/.m2/repository/org/apiguardian/apiguardian-api/1.1.2/apiguardian-api-1.1.2.jar:/Users/danieloh/.m2/repository/org/junit/jupiter/junit-jupiter-params/5.9.1/junit-jupiter-params-5.9.1.jar:/Users/danieloh/.m2/repository/org/junit/jupiter/junit-jupiter-engine/5.9.1/junit-jupiter-engine-5.9.1.jar:/Users/danieloh/.m2/repository/org/junit/platform/junit-platform-engine/1.9.1/junit-platform-engine-1.9.1.jar:/Users/danieloh/.m2/repository/com/thoughtworks/xstream/xstream/1.4.20/xstream-1.4.20.jar:/Users/danieloh/.m2/repository/io/github/x-stream/mxparser/1.2.2/mxparser-1.2.2.jar:/Users/danieloh/.m2/repository/xmlpull/xmlpull/1.1.3.1/xmlpull-1.1.3.1.jar:/Users/danieloh/.m2/repository/io/rest-assured/rest-assured/4.5.1/rest-assured-4.5.1.jar:/Users/danieloh/.m2/repository/org/codehaus/groovy/groovy/3.0.9/groovy-3.0.9.jar:/Users/danieloh/.m2/repository/org/codehaus/groovy/groovy-xml/3.0.9/groovy-xml-3.0.9.jar:/Users/danieloh/.m2/repository/org/apache/httpcomponents/httpclient/4.5.13/httpclient-4.5.13.jar:/Users/danieloh/.m2/repository/org/apache/httpcomponents/httpcore/4.4.15/httpcore-4.4.15.jar:/Users/danieloh/.m2/repository/commons-codec/commons-codec/1.15/commons-codec-1.15.jar:/Users/danieloh/.m2/repository/org/apache/httpcomponents/httpmime/4.5.13/httpmime-4.5.13.jar:/Users/danieloh/.m2/repository/org/hamcrest/hamcrest/2.1/hamcrest-2.1.jar:/Users/danieloh/.m2/repository/org/ccil/cowan/tagsoup/tagsoup/1.2.1/tagsoup-1.2.1.jar:/Users/danieloh/.m2/repository/io/rest-assured/json-path/4.5.1/json-path-4.5.1.jar:/Users/danieloh/.m2/repository/org/codehaus/groovy/groovy-json/3.0.9/groovy-json-3.0.9.jar:/Users/danieloh/.m2/repository/io/rest-assured/rest-assured-common/4.5.1/rest-assured-common-4.5.1.jar:/Users/danieloh/.m2/repository/io/rest-assured/xml-path/4.5.1/xml-path-4.5.1.jar:/Users/danieloh/.m2/repository/org/apache/commons/commons-lang3/3.12.0/commons-lang3-3.12.0.jar:"/>
    <property name="java.vm.vendor" value="Eclipse Adoptium"/>
    <property name="sun.arch.data.model" value="64"/>
    <property name="quarkusRegistryClient" value="true"/>
    <property name="java.vendor.url" value="https://adoptium.net/"/>
    <property name="user.timezone" value="America/New_York"/>
    <property name="logging.initial-configurator.min-level" value="500"/>
    <property name="os.name" value="Mac OS X"/>
    <property name="java.vm.specification.version" value="11"/>
    <property name="sun.java.launcher" value="SUN_STANDARD"/>
    <property name="user.country" value="US"/>
    <property name="sun.boot.library.path" value="/Users/danieloh/.sdkman/candidates/java/11.0.17-tem/lib"/>
    <property name="sun.java.command" value="/Users/danieloh/Downloads/quarkus-piggybank/target/surefire/surefirebooter-20230123233916756_3.jar /Users/danieloh/Downloads/quarkus-piggybank/target/surefire 2023-01-23T23-39-16_658-jvmRun1 surefire-20230123233916756_1tmp surefire_0-20230123233916756_2tmp"/>
    <property name="http.nonProxyHosts" value="local|*.local|169.254/16|*.169.254/16|127.0.0.1:21300|*.127.0.0.1:21300|localhost|*.localhost|lx.astxsvc.com|*.lx.astxsvc.com"/>
    <property name="jdk.debug" value="release"/>
    <property name="maven.home" value="/Users/danieloh/.m2/wrapper/dists/apache-maven-3.8.6-bin/67568434/apache-maven-3.8.6"/>
    <property name="surefire.test.class.path" value="/Users/danieloh/Downloads/quarkus-piggybank/target/test-classes:/Users/danieloh/Downloads/quarkus-piggybank/target/classes:/Users/danieloh/.m2/repository/io/quarkus/quarkus-arc/2.15.3.Final/quarkus-arc-2.15.3.Final.jar:/Users/danieloh/.m2/repository/io/quarkus/arc/arc/2.15.3.Final/arc-2.15.3.Final.jar:/Users/danieloh/.m2/repository/jakarta/enterprise/jakarta.enterprise.cdi-api/2.0.2/jakarta.enterprise.cdi-api-2.0.2.jar:/Users/danieloh/.m2/repository/jakarta/el/jakarta.el-api/3.0.3/jakarta.el-api-3.0.3.jar:/Users/danieloh/.m2/repository/jakarta/annotation/jakarta.annotation-api/1.3.5/jakarta.annotation-api-1.3.5.jar:/Users/danieloh/.m2/repository/jakarta/transaction/jakarta.transaction-api/1.3.3/jakarta.transaction-api-1.3.3.jar:/Users/danieloh/.m2/repository/io/smallrye/reactive/mutiny/1.8.0/mutiny-1.8.0.jar:/Users/danieloh/.m2/repository/io/smallrye/common/smallrye-common-annotation/1.13.2/smallrye-common-annotation-1.13.2.jar:/Users/danieloh/.m2/repository/org/jboss/logging/jboss-logging/3.5.0.Final/jboss-logging-3.5.0.Final.jar:/Users/danieloh/.m2/repository/io/quarkus/quarkus-core/2.15.3.Final/quarkus-core-2.15.3.Final.jar:/Users/danieloh/.m2/repository/jakarta/inject/jakarta.inject-api/1.0/jakarta.inject-api-1.0.jar:/Users/danieloh/.m2/repository/io/quarkus/quarkus-ide-launcher/2.15.3.Final/quarkus-ide-launcher-2.15.3.Final.jar:/Users/danieloh/.m2/repository/io/quarkus/quarkus-development-mode-spi/2.15.3.Final/quarkus-development-mode-spi-2.15.3.Final.jar:/Users/danieloh/.m2/repository/io/smallrye/config/smallrye-config/2.13.1/smallrye-config-2.13.1.jar:/Users/danieloh/.m2/repository/io/smallrye/config/smallrye-config-core/2.13.1/smallrye-config-core-2.13.1.jar:/Users/danieloh/.m2/repository/org/eclipse/microprofile/config/microprofile-config-api/2.0.1/microprofile-config-api-2.0.1.jar:/Users/danieloh/.m2/repository/io/smallrye/common/smallrye-common-expression/1.13.2/smallrye-common-expression-1.13.2.jar:/Users/danieloh/.m2/repository/io/smallrye/common/smallrye-common-function/1.13.2/smallrye-common-function-1.13.2.jar:/Users/danieloh/.m2/repository/io/smallrye/common/smallrye-common-classloader/1.13.2/smallrye-common-classloader-1.13.2.jar:/Users/danieloh/.m2/repository/io/smallrye/config/smallrye-config-common/2.13.1/smallrye-config-common-2.13.1.jar:/Users/danieloh/.m2/repository/org/jboss/logmanager/jboss-logmanager-embedded/1.0.11/jboss-logmanager-embedded-1.0.11.jar:/Users/danieloh/.m2/repository/org/jboss/logging/jboss-logging-annotations/2.2.1.Final/jboss-logging-annotations-2.2.1.Final.jar:/Users/danieloh/.m2/repository/org/jboss/threads/jboss-threads/3.4.3.Final/jboss-threads-3.4.3.Final.jar:/Users/danieloh/.m2/repository/org/slf4j/slf4j-api/1.7.36/slf4j-api-1.7.36.jar:/Users/danieloh/.m2/repository/org/jboss/slf4j/slf4j-jboss-logmanager/1.2.0.Final/slf4j-jboss-logmanager-1.2.0.Final.jar:/Users/danieloh/.m2/repository/org/graalvm/sdk/graal-sdk/22.3.0/graal-sdk-22.3.0.jar:/Users/danieloh/.m2/repository/org/wildfly/common/wildfly-common/1.5.4.Final-format-001/wildfly-common-1.5.4.Final-format-001.jar:/Users/danieloh/.m2/repository/io/quarkus/quarkus-bootstrap-runner/2.15.3.Final/quarkus-bootstrap-runner-2.15.3.Final.jar:/Users/danieloh/.m2/repository/io/quarkus/quarkus-fs-util/0.0.9/quarkus-fs-util-0.0.9.jar:/Users/danieloh/.m2/repository/org/eclipse/microprofile/context-propagation/microprofile-context-propagation-api/1.2/microprofile-context-propagation-api-1.2.jar:/Users/danieloh/.m2/repository/io/quarkus/quarkus-resteasy-reactive/2.15.3.Final/quarkus-resteasy-reactive-2.15.3.Final.jar:/Users/danieloh/.m2/repository/io/quarkus/quarkus-resteasy-reactive-common/2.15.3.Final/quarkus-resteasy-reactive-common-2.15.3.Final.jar:/Users/danieloh/.m2/repository/io/quarkus/resteasy/reactive/resteasy-reactive-common/2.15.3.Final/resteasy-reactive-common-2.15.3.Final.jar:/Users/danieloh/.m2/repository/io/quarkus/resteasy/reactive/resteasy-reactive-common-types/2.15.3.Final/resteasy-reactive-common-types-2.15.3.Final.jar:/Users/danieloh/.m2/repository/io/quarkus/quarkus-mutiny/2.15.3.Final/quarkus-mutiny-2.15.3.Final.jar:/Users/danieloh/.m2/repository/io/quarkus/quarkus-smallrye-context-propagation/2.15.3.Final/quarkus-smallrye-context-propagation-2.15.3.Final.jar:/Users/danieloh/.m2/repository/io/smallrye/smallrye-context-propagation/1.2.2/smallrye-context-propagation-1.2.2.jar:/Users/danieloh/.m2/repository/io/smallrye/smallrye-context-propagation-api/1.2.2/smallrye-context-propagation-api-1.2.2.jar:/Users/danieloh/.m2/repository/io/smallrye/smallrye-context-propagation-storage/1.2.2/smallrye-context-propagation-storage-1.2.2.jar:/Users/danieloh/.m2/repository/io/smallrye/reactive/mutiny-smallrye-context-propagation/1.8.0/mutiny-smallrye-context-propagation-1.8.0.jar:/Users/danieloh/.m2/repository/io/quarkus/quarkus-vertx/2.15.3.Final/quarkus-vertx-2.15.3.Final.jar:/Users/danieloh/.m2/repository/io/netty/netty-codec-haproxy/4.1.86.Final/netty-codec-haproxy-4.1.86.Final.jar:/Users/danieloh/.m2/repository/io/quarkus/quarkus-vertx-latebound-mdc-provider/2.15.3.Final/quarkus-vertx-latebound-mdc-provider-2.15.3.Final.jar:/Users/danieloh/.m2/repository/io/smallrye/smallrye-fault-tolerance-vertx/5.6.0/smallrye-fault-tolerance-vertx-5.6.0.jar:/Users/danieloh/.m2/repository/io/quarkus/resteasy/reactive/resteasy-reactive-vertx/2.15.3.Final/resteasy-reactive-vertx-2.15.3.Final.jar:/Users/danieloh/.m2/repository/io/vertx/vertx-web/4.3.6/vertx-web-4.3.6.jar:/Users/danieloh/.m2/repository/io/vertx/vertx-web-common/4.3.6/vertx-web-common-4.3.6.jar:/Users/danieloh/.m2/repository/io/vertx/vertx-auth-common/4.3.6/vertx-auth-common-4.3.6.jar:/Users/danieloh/.m2/repository/io/vertx/vertx-bridge-common/4.3.6/vertx-bridge-common-4.3.6.jar:/Users/danieloh/.m2/repository/io/vertx/vertx-core/4.3.6/vertx-core-4.3.6.jar:/Users/danieloh/.m2/repository/io/netty/netty-handler-proxy/4.1.86.Final/netty-handler-proxy-4.1.86.Final.jar:/Users/danieloh/.m2/repository/io/netty/netty-codec-socks/4.1.86.Final/netty-codec-socks-4.1.86.Final.jar:/Users/danieloh/.m2/repository/io/netty/netty-resolver-dns/4.1.86.Final/netty-resolver-dns-4.1.86.Final.jar:/Users/danieloh/.m2/repository/io/netty/netty-codec-dns/4.1.86.Final/netty-codec-dns-4.1.86.Final.jar:/Users/danieloh/.m2/repository/com/fasterxml/jackson/core/jackson-core/2.14.1/jackson-core-2.14.1.jar:/Users/danieloh/.m2/repository/io/smallrye/reactive/smallrye-mutiny-vertx-core/2.29.0/smallrye-mutiny-vertx-core-2.29.0.jar:/Users/danieloh/.m2/repository/io/smallrye/reactive/smallrye-mutiny-vertx-runtime/2.29.0/smallrye-mutiny-vertx-runtime-2.29.0.jar:/Users/danieloh/.m2/repository/io/smallrye/reactive/vertx-mutiny-generator/2.29.0/vertx-mutiny-generator-2.29.0.jar:/Users/danieloh/.m2/repository/io/vertx/vertx-codegen/4.3.6/vertx-codegen-4.3.6.jar:/Users/danieloh/.m2/repository/io/quarkus/resteasy/reactive/resteasy-reactive/2.15.3.Final/resteasy-reactive-2.15.3.Final.jar:/Users/danieloh/.m2/repository/org/jboss/spec/javax/ws/rs/jboss-jaxrs-api_2.1_spec/2.0.1.Final/jboss-jaxrs-api_2.1_spec-2.0.1.Final.jar:/Users/danieloh/.m2/repository/org/jboss/spec/javax/xml/bind/jboss-jaxb-api_2.3_spec/2.0.0.Final/jboss-jaxb-api_2.3_spec-2.0.0.Final.jar:/Users/danieloh/.m2/repository/io/quarkus/quarkus-vertx-http/2.15.3.Final/quarkus-vertx-http-2.15.3.Final.jar:/Users/danieloh/.m2/repository/io/quarkus/quarkus-security-runtime-spi/2.15.3.Final/quarkus-security-runtime-spi-2.15.3.Final.jar:/Users/danieloh/.m2/repository/io/quarkus/quarkus-credentials/2.15.3.Final/quarkus-credentials-2.15.3.Final.jar:/Users/danieloh/.m2/repository/io/smallrye/common/smallrye-common-vertx-context/1.13.2/smallrye-common-vertx-context-1.13.2.jar:/Users/danieloh/.m2/repository/io/smallrye/common/smallrye-common-constraint/1.13.2/smallrye-common-constraint-1.13.2.jar:/Users/danieloh/.m2/repository/io/quarkus/quarkus-vertx-http-dev-console-runtime-spi/2.15.3.Final/quarkus-vertx-http-dev-console-runtime-spi-2.15.3.Final.jar:/Users/danieloh/.m2/repository/io/quarkus/security/quarkus-security/1.1.4.Final/quarkus-security-1.1.4.Final.jar:/Users/danieloh/.m2/repository/io/smallrye/reactive/smallrye-mutiny-vertx-web/2.29.0/smallrye-mutiny-vertx-web-2.29.0.jar:/Users/danieloh/.m2/repository/io/smallrye/reactive/smallrye-mutiny-vertx-web-common/2.29.0/smallrye-mutiny-vertx-web-common-2.29.0.jar:/Users/danieloh/.m2/repository/io/smallrye/reactive/smallrye-mutiny-vertx-auth-common/2.29.0/smallrye-mutiny-vertx-auth-common-2.29.0.jar:/Users/danieloh/.m2/repository/io/smallrye/reactive/smallrye-mutiny-vertx-bridge-common/2.29.0/smallrye-mutiny-vertx-bridge-common-2.29.0.jar:/Users/danieloh/.m2/repository/io/smallrye/reactive/smallrye-mutiny-vertx-uri-template/2.29.0/smallrye-mutiny-vertx-uri-template-2.29.0.jar:/Users/danieloh/.m2/repository/io/vertx/vertx-uri-template/4.3.6/vertx-uri-template-4.3.6.jar:/Users/danieloh/.m2/repository/io/github/crac/org-crac/0.1.3/org-crac-0.1.3.jar:/Users/danieloh/.m2/repository/io/quarkus/quarkus-jsonp/2.15.3.Final/quarkus-jsonp-2.15.3.Final.jar:/Users/danieloh/.m2/repository/org/glassfish/jakarta.json/1.1.6/jakarta.json-1.1.6.jar:/Users/danieloh/.m2/repository/io/quarkiverse/amazonservices/quarkus-amazon-dynamodb/1.4.0/quarkus-amazon-dynamodb-1.4.0.jar:/Users/danieloh/.m2/repository/io/quarkus/quarkus-netty/2.15.3.Final/quarkus-netty-2.15.3.Final.jar:/Users/danieloh/.m2/repository/io/netty/netty-codec/4.1.86.Final/netty-codec-4.1.86.Final.jar:/Users/danieloh/.m2/repository/io/netty/netty-common/4.1.86.Final/netty-common-4.1.86.Final.jar:/Users/danieloh/.m2/repository/io/netty/netty-buffer/4.1.86.Final/netty-buffer-4.1.86.Final.jar:/Users/danieloh/.m2/repository/io/netty/netty-transport/4.1.86.Final/netty-transport-4.1.86.Final.jar:/Users/danieloh/.m2/repository/io/netty/netty-codec-http/4.1.86.Final/netty-codec-http-4.1.86.Final.jar:/Users/danieloh/.m2/repository/io/netty/netty-codec-http2/4.1.86.Final/netty-codec-http2-4.1.86.Final.jar:/Users/danieloh/.m2/repository/io/netty/netty-handler/4.1.86.Final/netty-handler-4.1.86.Final.jar:/Users/danieloh/.m2/repository/io/netty/netty-resolver/4.1.86.Final/netty-resolver-4.1.86.Final.jar:/Users/danieloh/.m2/repository/io/netty/netty-transport-native-unix-common/4.1.86.Final/netty-transport-native-unix-common-4.1.86.Final.jar:/Users/danieloh/.m2/repository/com/aayushatharva/brotli4j/brotli4j/1.8.0/brotli4j-1.8.0.jar:/Users/danieloh/.m2/repository/com/aayushatharva/brotli4j/native-osx-aarch64/1.8.0/native-osx-aarch64-1.8.0.jar:/Users/danieloh/.m2/repository/io/quarkiverse/amazonservices/quarkus-amazon-common/1.4.0/quarkus-amazon-common-1.4.0.jar:/Users/danieloh/.m2/repository/software/amazon/awssdk/sdk-core/2.18.41/sdk-core-2.18.41.jar:/Users/danieloh/.m2/repository/software/amazon/awssdk/aws-core/2.18.41/aws-core-2.18.41.jar:/Users/danieloh/.m2/repository/software/amazon/eventstream/eventstream/1.0.1/eventstream-1.0.1.jar:/Users/danieloh/.m2/repository/software/amazon/awssdk/regions/2.18.41/regions-2.18.41.jar:/Users/danieloh/.m2/repository/software/amazon/awssdk/auth/2.18.41/auth-2.18.41.jar:/Users/danieloh/.m2/repository/software/amazon/awssdk/dynamodb/2.18.41/dynamodb-2.18.41.jar:/Users/danieloh/.m2/repository/software/amazon/awssdk/aws-json-protocol/2.18.41/aws-json-protocol-2.18.41.jar:/Users/danieloh/.m2/repository/software/amazon/awssdk/third-party-jackson-core/2.18.41/third-party-jackson-core-2.18.41.jar:/Users/danieloh/.m2/repository/software/amazon/awssdk/protocol-core/2.18.41/protocol-core-2.18.41.jar:/Users/danieloh/.m2/repository/software/amazon/awssdk/profiles/2.18.41/profiles-2.18.41.jar:/Users/danieloh/.m2/repository/software/amazon/awssdk/metrics-spi/2.18.41/metrics-spi-2.18.41.jar:/Users/danieloh/.m2/repository/software/amazon/awssdk/json-utils/2.18.41/json-utils-2.18.41.jar:/Users/danieloh/.m2/repository/software/amazon/awssdk/endpoints-spi/2.18.41/endpoints-spi-2.18.41.jar:/Users/danieloh/.m2/repository/org/jboss/logging/commons-logging-jboss-logging/1.0.0.Final/commons-logging-jboss-logging-1.0.0.Final.jar:/Users/danieloh/.m2/repository/software/amazon/awssdk/url-connection-client/2.18.41/url-connection-client-2.18.41.jar:/Users/danieloh/.m2/repository/software/amazon/awssdk/utils/2.18.41/utils-2.18.41.jar:/Users/danieloh/.m2/repository/org/reactivestreams/reactive-streams/1.0.3/reactive-streams-1.0.3.jar:/Users/danieloh/.m2/repository/software/amazon/awssdk/annotations/2.18.41/annotations-2.18.41.jar:/Users/danieloh/.m2/repository/software/amazon/awssdk/http-client-spi/2.18.41/http-client-spi-2.18.41.jar:/Users/danieloh/.m2/repository/io/quarkus/quarkus-resteasy-reactive-jackson/2.15.3.Final/quarkus-resteasy-reactive-jackson-2.15.3.Final.jar:/Users/danieloh/.m2/repository/io/quarkus/quarkus-resteasy-reactive-jackson-common/2.15.3.Final/quarkus-resteasy-reactive-jackson-common-2.15.3.Final.jar:/Users/danieloh/.m2/repository/io/quarkus/resteasy/reactive/resteasy-reactive-jackson/2.15.3.Final/resteasy-reactive-jackson-2.15.3.Final.jar:/Users/danieloh/.m2/repository/com/fasterxml/jackson/core/jackson-databind/2.14.1/jackson-databind-2.14.1.jar:/Users/danieloh/.m2/repository/com/fasterxml/jackson/core/jackson-annotations/2.14.1/jackson-annotations-2.14.1.jar:/Users/danieloh/.m2/repository/io/quarkus/quarkus-jackson/2.15.3.Final/quarkus-jackson-2.15.3.Final.jar:/Users/danieloh/.m2/repository/com/fasterxml/jackson/datatype/jackson-datatype-jsr310/2.14.1/jackson-datatype-jsr310-2.14.1.jar:/Users/danieloh/.m2/repository/com/fasterxml/jackson/datatype/jackson-datatype-jdk8/2.14.1/jackson-datatype-jdk8-2.14.1.jar:/Users/danieloh/.m2/repository/com/fasterxml/jackson/module/jackson-module-parameter-names/2.14.1/jackson-module-parameter-names-2.14.1.jar:/Users/danieloh/.m2/repository/io/quarkus/quarkus-amazon-lambda-http/2.15.3.Final/quarkus-amazon-lambda-http-2.15.3.Final.jar:/Users/danieloh/.m2/repository/io/quarkus/quarkus-security/2.15.3.Final/quarkus-security-2.15.3.Final.jar:/Users/danieloh/.m2/repository/jakarta/interceptor/jakarta.interceptor-api/1.2.5/jakarta.interceptor-api-1.2.5.jar:/Users/danieloh/.m2/repository/io/quarkus/quarkus-amazon-lambda/2.15.3.Final/quarkus-amazon-lambda-2.15.3.Final.jar:/Users/danieloh/.m2/repository/io/quarkus/quarkus-amazon-lambda-common/2.15.3.Final/quarkus-amazon-lambda-common-2.15.3.Final.jar:/Users/danieloh/.m2/repository/com/amazonaws/aws-lambda-java-events/3.11.0/aws-lambda-java-events-3.11.0.jar:/Users/danieloh/.m2/repository/com/fasterxml/jackson/datatype/jackson-datatype-joda/2.14.1/jackson-datatype-joda-2.14.1.jar:/Users/danieloh/.m2/repository/joda-time/joda-time/2.10.8/joda-time-2.10.8.jar:/Users/danieloh/.m2/repository/com/amazonaws/aws-lambda-java-core/1.2.2/aws-lambda-java-core-1.2.2.jar:/Users/danieloh/.m2/repository/org/eclipse/microprofile/jwt/microprofile-jwt-auth-api/1.2/microprofile-jwt-auth-api-1.2.jar:/Users/danieloh/.m2/repository/io/quarkus/quarkus-junit5/2.15.3.Final/quarkus-junit5-2.15.3.Final.jar:/Users/danieloh/.m2/repository/io/quarkus/quarkus-bootstrap-core/2.15.3.Final/quarkus-bootstrap-core-2.15.3.Final.jar:/Users/danieloh/.m2/repository/io/quarkus/quarkus-bootstrap-app-model/2.15.3.Final/quarkus-bootstrap-app-model-2.15.3.Final.jar:/Users/danieloh/.m2/repository/io/smallrye/common/smallrye-common-io/1.13.2/smallrye-common-io-1.13.2.jar:/Users/danieloh/.m2/repository/org/eclipse/sisu/org.eclipse.sisu.inject/0.3.5/org.eclipse.sisu.inject-0.3.5.jar:/Users/danieloh/.m2/repository/io/quarkus/quarkus-test-common/2.15.3.Final/quarkus-test-common-2.15.3.Final.jar:/Users/danieloh/.m2/repository/io/quarkus/quarkus-core-deployment/2.15.3.Final/quarkus-core-deployment-2.15.3.Final.jar:/Users/danieloh/.m2/repository/org/aesh/readline/2.2/readline-2.2.jar:/Users/danieloh/.m2/repository/org/fusesource/jansi/jansi/1.18/jansi-1.18.jar:/Users/danieloh/.m2/repository/org/aesh/aesh/2.6/aesh-2.6.jar:/Users/danieloh/.m2/repository/io/quarkus/gizmo/gizmo/1.4.0.Final/gizmo-1.4.0.Final.jar:/Users/danieloh/.m2/repository/org/ow2/asm/asm-util/9.4/asm-util-9.4.jar:/Users/danieloh/.m2/repository/org/ow2/asm/asm-analysis/9.4/asm-analysis-9.4.jar:/Users/danieloh/.m2/repository/org/ow2/asm/asm/9.4/asm-9.4.jar:/Users/danieloh/.m2/repository/org/ow2/asm/asm-commons/9.4/asm-commons-9.4.jar:/Users/danieloh/.m2/repository/org/ow2/asm/asm-tree/9.4/asm-tree-9.4.jar:/Users/danieloh/.m2/repository/io/quarkus/quarkus-class-change-agent/2.15.3.Final/quarkus-class-change-agent-2.15.3.Final.jar:/Users/danieloh/.m2/repository/io/quarkus/quarkus-devtools-utilities/2.15.3.Final/quarkus-devtools-utilities-2.15.3.Final.jar:/Users/danieloh/.m2/repository/io/quarkus/quarkus-builder/2.15.3.Final/quarkus-builder-2.15.3.Final.jar:/Users/danieloh/.m2/repository/org/junit/platform/junit-platform-launcher/1.9.1/junit-platform-launcher-1.9.1.jar:/Users/danieloh/.m2/repository/io/quarkus/quarkus-bootstrap-maven-resolver/2.15.3.Final/quarkus-bootstrap-maven-resolver-2.15.3.Final.jar:/Users/danieloh/.m2/repository/org/apache/maven/maven-embedder/3.8.6/maven-embedder-3.8.6.jar:/Users/danieloh/.m2/repository/org/apache/maven/maven-settings/3.8.6/maven-settings-3.8.6.jar:/Users/danieloh/.m2/repository/org/apache/maven/maven-core/3.8.6/maven-core-3.8.6.jar:/Users/danieloh/.m2/repository/org/apache/maven/maven-artifact/3.8.6/maven-artifact-3.8.6.jar:/Users/danieloh/.m2/repository/org/codehaus/plexus/plexus-component-annotations/2.1.0/plexus-component-annotations-2.1.0.jar:/Users/danieloh/.m2/repository/org/apache/maven/maven-plugin-api/3.8.6/maven-plugin-api-3.8.6.jar:/Users/danieloh/.m2/repository/org/apache/maven/maven-model/3.8.6/maven-model-3.8.6.jar:/Users/danieloh/.m2/repository/org/apache/maven/maven-model-builder/3.8.6/maven-model-builder-3.8.6.jar:/Users/danieloh/.m2/repository/org/apache/maven/maven-builder-support/3.8.6/maven-builder-support-3.8.6.jar:/Users/danieloh/.m2/repository/org/apache/maven/resolver/maven-resolver-api/1.6.3/maven-resolver-api-1.6.3.jar:/Users/danieloh/.m2/repository/org/apache/maven/resolver/maven-resolver-util/1.6.3/maven-resolver-util-1.6.3.jar:/Users/danieloh/.m2/repository/org/apache/maven/shared/maven-shared-utils/3.3.4/maven-shared-utils-3.3.4.jar:/Users/danieloh/.m2/repository/commons-io/commons-io/2.11.0/commons-io-2.11.0.jar:/Users/danieloh/.m2/repository/com/google/inject/guice/4.2.2/guice-4.2.2-no_aop.jar:/Users/danieloh/.m2/repository/com/google/guava/guava/31.1-jre/guava-31.1-jre.jar:/Users/danieloh/.m2/repository/com/google/guava/failureaccess/1.0.1/failureaccess-1.0.1.jar:/Users/danieloh/.m2/repository/org/codehaus/plexus/plexus-classworlds/2.6.0/plexus-classworlds-2.6.0.jar:/Users/danieloh/.m2/repository/org/codehaus/plexus/plexus-sec-dispatcher/2.0/plexus-sec-dispatcher-2.0.jar:/Users/danieloh/.m2/repository/org/codehaus/plexus/plexus-cipher/2.0/plexus-cipher-2.0.jar:/Users/danieloh/.m2/repository/commons-cli/commons-cli/1.4/commons-cli-1.4.jar:/Users/danieloh/.m2/repository/org/eclipse/sisu/org.eclipse.sisu.plexus/0.3.5/org.eclipse.sisu.plexus-0.3.5.jar:/Users/danieloh/.m2/repository/org/apache/maven/maven-settings-builder/3.8.6/maven-settings-builder-3.8.6.jar:/Users/danieloh/.m2/repository/org/codehaus/plexus/plexus-interpolation/1.26/plexus-interpolation-1.26.jar:/Users/danieloh/.m2/repository/org/apache/maven/maven-resolver-provider/3.8.6/maven-resolver-provider-3.8.6.jar:/Users/danieloh/.m2/repository/org/apache/maven/maven-repository-metadata/3.8.6/maven-repository-metadata-3.8.6.jar:/Users/danieloh/.m2/repository/org/apache/maven/resolver/maven-resolver-spi/1.6.3/maven-resolver-spi-1.6.3.jar:/Users/danieloh/.m2/repository/org/apache/maven/resolver/maven-resolver-impl/1.6.3/maven-resolver-impl-1.6.3.jar:/Users/danieloh/.m2/repository/org/codehaus/plexus/plexus-utils/3.3.0/plexus-utils-3.3.0.jar:/Users/danieloh/.m2/repository/org/apache/maven/resolver/maven-resolver-connector-basic/1.6.3/maven-resolver-connector-basic-1.6.3.jar:/Users/danieloh/.m2/repository/org/apache/maven/resolver/maven-resolver-transport-wagon/1.6.3/maven-resolver-transport-wagon-1.6.3.jar:/Users/danieloh/.m2/repository/org/apache/maven/wagon/wagon-http/3.5.1/wagon-http-3.5.1.jar:/Users/danieloh/.m2/repository/org/apache/maven/wagon/wagon-http-shared/3.5.1/wagon-http-shared-3.5.1.jar:/Users/danieloh/.m2/repository/org/apache/maven/wagon/wagon-provider-api/3.5.1/wagon-provider-api-3.5.1.jar:/Users/danieloh/.m2/repository/org/apache/maven/wagon/wagon-file/3.5.1/wagon-file-3.5.1.jar:/Users/danieloh/.m2/repository/io/quarkus/quarkus-bootstrap-gradle-resolver/2.15.3.Final/quarkus-bootstrap-gradle-resolver-2.15.3.Final.jar:/Users/danieloh/.m2/repository/io/smallrye/jandex/3.0.5/jandex-3.0.5.jar:/Users/danieloh/.m2/repository/io/quarkus/quarkus-junit5-properties/2.15.3.Final/quarkus-junit5-properties-2.15.3.Final.jar:/Users/danieloh/.m2/repository/org/junit/jupiter/junit-jupiter/5.9.1/junit-jupiter-5.9.1.jar:/Users/danieloh/.m2/repository/org/junit/jupiter/junit-jupiter-api/5.9.1/junit-jupiter-api-5.9.1.jar:/Users/danieloh/.m2/repository/org/opentest4j/opentest4j/1.2.0/opentest4j-1.2.0.jar:/Users/danieloh/.m2/repository/org/junit/platform/junit-platform-commons/1.9.1/junit-platform-commons-1.9.1.jar:/Users/danieloh/.m2/repository/org/apiguardian/apiguardian-api/1.1.2/apiguardian-api-1.1.2.jar:/Users/danieloh/.m2/repository/org/junit/jupiter/junit-jupiter-params/5.9.1/junit-jupiter-params-5.9.1.jar:/Users/danieloh/.m2/repository/org/junit/jupiter/junit-jupiter-engine/5.9.1/junit-jupiter-engine-5.9.1.jar:/Users/danieloh/.m2/repository/org/junit/platform/junit-platform-engine/1.9.1/junit-platform-engine-1.9.1.jar:/Users/danieloh/.m2/repository/com/thoughtworks/xstream/xstream/1.4.20/xstream-1.4.20.jar:/Users/danieloh/.m2/repository/io/github/x-stream/mxparser/1.2.2/mxparser-1.2.2.jar:/Users/danieloh/.m2/repository/xmlpull/xmlpull/1.1.3.1/xmlpull-1.1.3.1.jar:/Users/danieloh/.m2/repository/io/rest-assured/rest-assured/4.5.1/rest-assured-4.5.1.jar:/Users/danieloh/.m2/repository/org/codehaus/groovy/groovy/3.0.9/groovy-3.0.9.jar:/Users/danieloh/.m2/repository/org/codehaus/groovy/groovy-xml/3.0.9/groovy-xml-3.0.9.jar:/Users/danieloh/.m2/repository/org/apache/httpcomponents/httpclient/4.5.13/httpclient-4.5.13.jar:/Users/danieloh/.m2/repository/org/apache/httpcomponents/httpcore/4.4.15/httpcore-4.4.15.jar:/Users/danieloh/.m2/repository/commons-codec/commons-codec/1.15/commons-codec-1.15.jar:/Users/danieloh/.m2/repository/org/apache/httpcomponents/httpmime/4.5.13/httpmime-4.5.13.jar:/Users/danieloh/.m2/repository/org/hamcrest/hamcrest/2.1/hamcrest-2.1.jar:/Users/danieloh/.m2/repository/org/ccil/cowan/tagsoup/tagsoup/1.2.1/tagsoup-1.2.1.jar:/Users/danieloh/.m2/repository/io/rest-assured/json-path/4.5.1/json-path-4.5.1.jar:/Users/danieloh/.m2/repository/org/codehaus/groovy/groovy-json/3.0.9/groovy-json-3.0.9.jar:/Users/danieloh/.m2/repository/io/rest-assured/rest-assured-common/4.5.1/rest-assured-common-4.5.1.jar:/Users/danieloh/.m2/repository/io/rest-assured/xml-path/4.5.1/xml-path-4.5.1.jar:/Users/danieloh/.m2/repository/org/apache/commons/commons-lang3/3.12.0/commons-lang3-3.12.0.jar:"/>
    <property name="sun.cpu.endian" value="little"/>
    <property name="user.home" value="/Users/danieloh"/>
    <property name="user.language" value="en"/>
    <property name="jboss.log-version" value="false"/>
    <property name="java.specification.vendor" value="Oracle Corporation"/>
    <property name="io.netty.allocator.maxOrder" value="3"/>
    <property name="java.version.date" value="2022-10-18"/>
    <property name="java.home" value="/Users/danieloh/.sdkman/candidates/java/11.0.17-tem"/>
    <property name="file.separator" value="/"/>
    <property name="style.color" value="always"/>
    <property name="basedir" value="/Users/danieloh/Downloads/quarkus-piggybank"/>
    <property name="java.vm.compressedOopsMode" value="Zero based"/>
    <property name="line.separator" value="&#10;"/>
    <property name="java.specification.name" value="Java Platform API Specification"/>
    <property name="java.vm.specification.vendor" value="Oracle Corporation"/>
    <property name="java.awt.graphicsenv" value="sun.awt.CGraphicsEnvironment"/>
    <property name="surefire.real.class.path" value="/Users/danieloh/Downloads/quarkus-piggybank/target/surefire/surefirebooter-20230123233916756_3.jar"/>
    <property name="sun.management.compiler" value="HotSpot 64-Bit Tiered Compilers"/>
    <property name="ftp.nonProxyHosts" value="local|*.local|169.254/16|*.169.254/16|127.0.0.1:21300|*.127.0.0.1:21300|localhost|*.localhost|lx.astxsvc.com|*.lx.astxsvc.com"/>
    <property name="java.runtime.version" value="11.0.17+8"/>
    <property name="user.name" value="danieloh"/>
    <property name="path.separator" value=":"/>
    <property name="os.version" value="13.1"/>
    <property name="java.runtime.name" value="OpenJDK Runtime Environment"/>
    <property name="file.encoding" value="UTF-8"/>
    <property name="jnidispatch.path" value="/Users/danieloh/Library/Caches/JNA/temp/jna1896220756081941369.tmp"/>
    <property name="java.vm.name" value="OpenJDK 64-Bit Server VM"/>
    <property name="jna.platform.library.path" value="/usr/lib:/usr/lib"/>
    <property name="java.vendor.version" value="Temurin-11.0.17+8"/>
    <property name="localRepository" value="/Users/danieloh/.m2/repository"/>
    <property name="jna.loaded" value="true"/>
    <property name="java.vendor.url.bug" value="https://github.com/adoptium/adoptium-support/issues"/>
    <property name="java.io.tmpdir" value="/var/folders/4x/sv8dhlxx45v4ltpyj_544k000000gn/T/"/>
    <property name="quarkus.log.file.path" value="target/quarkus.log"/>
    <property name="java.version" value="11.0.17"/>
    <property name="java.util.concurrent.ForkJoinPool.common.threadFactory" value="io.quarkus.bootstrap.forkjoin.QuarkusForkJoinWorkerThreadFactory"/>
    <property name="user.dir" value="/Users/danieloh/Downloads/quarkus-piggybank"/>
    <property name="os.arch" value="aarch64"/>
    <property name="java.vm.specification.name" value="Java Virtual Machine Specification"/>
    <property name="vertx.disableDnsResolver" value="true"/>
    <property name="java.awt.printerjob" value="sun.lwawt.macosx.CPrinterJob"/>
    <property name="sun.os.patch.level" value="unknown"/>
    <property name="com.amazonaws.xray.traceHeader" value="f7d84923-10ae-4218-b791-caadead91d99"/>
    <property name="java.util.logging.manager" value="org.jboss.logmanager.LogManager"/>
    <property name="java.library.path" value="/Users/danieloh/Library/Java/Extensions:/Library/Java/Extensions:/Network/Library/Java/Extensions:/System/Library/Java/Extensions:/usr/lib/java:."/>
    <property name="java.vm.info" value="mixed mode"/>
    <property name="java.vendor" value="Eclipse Adoptium"/>
    <property name="vertx.disableTCCL" value="true"/>
    <property name="java.vm.version" value="11.0.17+8"/>
    <property name="sun.io.unicode.encoding" value="UnicodeBig"/>
    <property name="io.netty.machineId" value="13:65:4f:95:a8:59:19:c1"/>
    <property name="java.class.version" value="55.0"/>
    <property name="socksNonProxyHosts" value="local|*.local|169.254/16|*.169.254/16|127.0.0.1:21300|*.127.0.0.1:21300|localhost|*.localhost|lx.astxsvc.com|*.lx.astxsvc.com"/>
  </properties>
  <testcase name="testHelloEndpoint" classname="org.acme.GreetingResourceTest" time="0.709">
    <system-out><![CDATA[2023-01-23 23:39:19,111 WARN  [io.net.res.dns.DnsServerAddressStreamProviders] (build-44) Can not find io.netty.resolver.dns.macos.MacOSDnsServerAddressStreamProvider in the classpath, fallback to system defaults. This may result in incorrect DNS resolutions on MacOS. Check whether you have a dependency on 'io.netty:netty-resolver-dns-native-macos'
2023-01-23 23:39:19,185 INFO  [io.qua.ama.lam.run.MockEventServer] (build-44) Mock Lambda Event Server Started
2023-01-23 23:39:19,421 INFO  [org.tes.doc.DockerClientProviderStrategy] (build-68) Loaded org.testcontainers.dockerclient.UnixSocketClientProviderStrategy from ~/.testcontainers.properties, will try it first
2023-01-23 23:39:20,599 INFO  [org.tes.doc.DockerClientProviderStrategy] (build-68) Found Docker environment with local Unix socket (unix:///var/run/docker.sock)
2023-01-23 23:39:20,600 INFO  [org.tes.DockerClientFactory] (build-68) Docker host IP address is localhost
2023-01-23 23:39:20,618 INFO  [org.tes.DockerClientFactory] (build-68) Connected to docker: 
  Server Version: 20.10.22
  API Version: 1.41
  Operating System: Docker Desktop
  Total Memory: 7851 MB
2023-01-23 23:39:20,637 INFO  [org.tes.uti.ImageNameSubstitutor] (build-68) Image name substitution will be performed by: DefaultImageNameSubstitutor (composite of 'ConfigurationFileImageNameSubstitutor' and 'PrefixingImageNameSubstitutor')
2023-01-23 23:39:20,641 INFO  [org.tes.DockerClientFactory] (build-68) Checking the system...
2023-01-23 23:39:20,641 INFO  [org.tes.DockerClientFactory] (build-68) ✔︎ Docker server version should be at least 1.6.0
2023-01-23 23:39:20,707 INFO  [🐳 [localstack/localstack:latest]] (build-68) HOSTNAME_EXTERNAL environment variable set to localstack-m9kbb (to match last network alias on container with non-default network)
2023-01-23 23:39:20,709 INFO  [🐳 [localstack/localstack:latest]] (build-68) Creating container for image: localstack/localstack:latest
2023-01-23 23:39:20,975 INFO  [🐳 .3.4]] (build-68) Creating container for image: testcontainers/ryuk:0.3.4
2023-01-23 23:39:21,059 INFO  [🐳 .3.4]] (build-68) Container testcontainers/ryuk:0.3.4 is starting: 9a2c115965ac7525b6c2dbbd33a97bdb7262c34434a1910ea44028d3be65d863
2023-01-23 23:39:21,386 INFO  [🐳 .3.4]] (build-68) Container testcontainers/ryuk:0.3.4 started in PT0.410438S
2023-01-23 23:39:21,795 INFO  [🐳 [localstack/localstack:latest]] (build-68) Container localstack/localstack:latest is starting: 27aae6d8dcab72b41436404db2351a7eb3f6f805fce63c750fb196a5d64e777e
2023-01-23 23:39:32,759 INFO  [🐳 [localstack/localstack:latest]] (build-68) Container localstack/localstack:latest started in PT12.051081S
2023-01-23 23:39:32,764 INFO  [io.qua.ama.com.dep.DevServicesLocalStackProcessor] (build-68) Amazon Dev Services for localstack (dynamodb) started. Other Quarkus applications in dev mode will find the LocalStack automatically.
2023-01-23 23:39:33,310 INFO  [io.qua.ama.lam.run.AbstractLambdaPollLoop] (Lambda Thread (TEST)) Listening on: http://localhost:8081/_lambda_/2018-06-01/runtime/invocation/next
2023-01-23 23:39:33,366 INFO  [io.quarkus] (main) piggybank 1.0.0-SNAPSHOT on JVM (powered by Quarkus 2.15.3.Final) started in 14.856s. 
2023-01-23 23:39:33,367 INFO  [io.quarkus] (main) Profile test activated. 
2023-01-23 23:39:33,367 INFO  [io.quarkus] (main) Installed features: [amazon-dynamodb, amazon-lambda, cdi, resteasy-reactive, resteasy-reactive-jackson, security, smallrye-context-propagation, vertx]
]]></system-out>
  </testcase>
</testsuite>